diamond v2.1.9.163 (C) Max Planck Society for the Advancement of Science, Benjamin Buchfink, University of Tuebingen
Documentation, support and updates available at http://www.diamondsearch.org
Please cite: http://dx.doi.org/10.1038/s41592-021-01101-x Nature Methods (2021)

#CPU threads: 72
Scoring parameters: (Matrix=BLOSUM62 Lambda=0.267 K=0.041 Penalties=11/1)
Temporary directory: /tmp
#Target sequences to report alignments for: 25
Opening the database...  [0s]
Database: XM_003771945.4_patchwork/database.dmnd (type: Diamond database, sequences: 1, letters: 1577)
Block size = 2000000000
Opening the input file...  [0s]
Opening the output file...  [0s]
Loading query sequences...  [0.021s]
Algorithm: Double-indexed
Building query histograms...  [0.15s]
Seeking in database...  [0s]
Loading reference sequences...  [0s]
Initializing temporary storage...  [0.04s]
Building reference histograms...  [0.062s]
Allocating buffers...  [0.001s]
Processing query block 1, reference block 1/1, shape 1/2, index chunk 1/4.
Building reference seed array...  [0.079s]
Building query seed array...  [0.096s]
Computing hash join...  [0.077s]
Masking low complexity seeds...  [0.031s]
Searching alignments...  [0.106s]
Deallocating memory...  [0s]
Processing query block 1, reference block 1/1, shape 1/2, index chunk 2/4.
Building reference seed array...  [0.113s]
Building query seed array...  [0.085s]
Computing hash join...  [0.065s]
Masking low complexity seeds...  [0.031s]
Searching alignments...  [0.036s]
Deallocating memory...  [0s]
Processing query block 1, reference block 1/1, shape 1/2, index chunk 3/4.
Building reference seed array...  [0.084s]
Building query seed array...  [0.104s]
Computing hash join...  [0.029s]
Masking low complexity seeds...  [0.031s]
Searching alignments...  [0.048s]
Deallocating memory...  [0s]
Processing query block 1, reference block 1/1, shape 1/2, index chunk 4/4.
Building reference seed array...  [0.08s]
Building query seed array...  [0.143s]
Computing hash join...  [0.077s]
Masking low complexity seeds...  [0.036s]
Searching alignments...  [0.055s]
Deallocating memory...  [0s]
Processing query block 1, reference block 1/1, shape 2/2, index chunk 1/4.
Building reference seed array...  [0.134s]
Building query seed array...  [0.089s]
Computing hash join...  [0.038s]
Masking low complexity seeds...  [0.036s]
Searching alignments...  [0.03s]
Deallocating memory...  [0s]
Processing query block 1, reference block 1/1, shape 2/2, index chunk 2/4.
Building reference seed array...  [0.069s]
Building query seed array...  [0.1s]
Computing hash join...  [0.033s]
Masking low complexity seeds...  [0.031s]
Searching alignments...  [0.047s]
Deallocating memory...  [0s]
Processing query block 1, reference block 1/1, shape 2/2, index chunk 3/4.
Building reference seed array...  [0.073s]
Building query seed array...  [0.104s]
Computing hash join...  [0.029s]
Masking low complexity seeds...  [0.036s]
Searching alignments...  [0.054s]
Deallocating memory...  [0s]
Processing query block 1, reference block 1/1, shape 2/2, index chunk 4/4.
Building reference seed array...  [0.077s]
Building query seed array...  [0.155s]
Computing hash join...  [0.042s]
Masking low complexity seeds...  [0.031s]
Searching alignments...  [0.035s]
Deallocating memory...  [0s]
Deallocating buffers...  [0s]
Clearing query masking...  [0s]
Computing alignments... Loading trace points...  [0.542s]
Sorting trace points...  [0s]
Computing alignments...  [0.144s]
Deallocating buffers...  [0.027s]
Loading trace points...  [0s]
 [0.715s]
Deallocating reference...  [0s]
Loading reference sequences...  [0s]
Deallocating buffers...  [0s]
Deallocating queries...  [0s]
Loading query sequences...  [0s]
Closing the input file...  [0s]
Closing the output file...  [0.02s]
Closing the database...  [0s]
Cleaning up...  [0s]
Total time = 3.7s
Reported 4964 pairwise alignments, 4964 HSPs.
4964 queries aligned.
