diamond v2.1.9.163 (C) Max Planck Society for the Advancement of Science, Benjamin Buchfink, University of Tuebingen
Documentation, support and updates available at http://www.diamondsearch.org
Please cite: http://dx.doi.org/10.1038/s41592-021-01101-x Nature Methods (2021)

#CPU threads: 72
Scoring parameters: (Matrix=BLOSUM62 Lambda=0.267 K=0.041 Penalties=11/1)
Temporary directory: /tmp
#Target sequences to report alignments for: 25
Opening the database...  [0s]
Database: XM_003768930.3_patchwork/database.dmnd (type: Diamond database, sequences: 1, letters: 877)
Block size = 2000000000
Opening the input file...  [0s]
Opening the output file...  [0s]
Loading query sequences...  [0.007s]
Algorithm: Double-indexed
Building query histograms...  [0.113s]
Seeking in database...  [0s]
Loading reference sequences...  [0s]
Initializing temporary storage...  [0.043s]
Building reference histograms...  [0.092s]
Allocating buffers...  [0.001s]
Processing query block 1, reference block 1/1, shape 1/2, index chunk 1/4.
Building reference seed array...  [0.318s]
Building query seed array...  [0.135s]
Computing hash join...  [0.033s]
Masking low complexity seeds...  [0.028s]
Searching alignments...  [0.553s]
Deallocating memory...  [0s]
Processing query block 1, reference block 1/1, shape 1/2, index chunk 2/4.
Building reference seed array...  [0.079s]
Building query seed array...  [0.135s]
Computing hash join...  [0.037s]
Masking low complexity seeds...  [0.019s]
Searching alignments...  [0.045s]
Deallocating memory...  [0s]
Processing query block 1, reference block 1/1, shape 1/2, index chunk 3/4.
Building reference seed array...  [0.204s]
Building query seed array...  [0.099s]
Computing hash join...  [0.053s]
Masking low complexity seeds...  [0.027s]
Searching alignments...  [0.031s]
Deallocating memory...  [0s]
Processing query block 1, reference block 1/1, shape 1/2, index chunk 4/4.
Building reference seed array...  [0.121s]
Building query seed array...  [0.096s]
Computing hash join...  [0.032s]
Masking low complexity seeds...  [0.035s]
Searching alignments...  [0.036s]
Deallocating memory...  [0s]
Processing query block 1, reference block 1/1, shape 2/2, index chunk 1/4.
Building reference seed array...  [0.101s]
Building query seed array...  [0.195s]
Computing hash join...  [0.029s]
Masking low complexity seeds...  [0.028s]
Searching alignments...  [0.035s]
Deallocating memory...  [0s]
Processing query block 1, reference block 1/1, shape 2/2, index chunk 2/4.
Building reference seed array...  [0.097s]
Building query seed array...  [0.084s]
Computing hash join...  [0.042s]
Masking low complexity seeds...  [0.03s]
Searching alignments...  [0.071s]
Deallocating memory...  [0s]
Processing query block 1, reference block 1/1, shape 2/2, index chunk 3/4.
Building reference seed array...  [0.129s]
Building query seed array...  [0.287s]
Computing hash join...  [0.038s]
Masking low complexity seeds...  [0.039s]
Searching alignments...  [0.063s]
Deallocating memory...  [0s]
Processing query block 1, reference block 1/1, shape 2/2, index chunk 4/4.
Building reference seed array...  [0.113s]
Building query seed array...  [0.094s]
Computing hash join...  [0.028s]
Masking low complexity seeds...  [0.028s]
Searching alignments...  [0.031s]
Deallocating memory...  [0s]
Deallocating buffers...  [0s]
Clearing query masking...  [0s]
Computing alignments... Loading trace points...  [0.766s]
Sorting trace points...  [0.116s]
Computing alignments...  [0.625s]
Deallocating buffers...  [0.022s]
Loading trace points...  [0s]
 [1.531s]
Deallocating reference...  [0s]
Loading reference sequences...  [0s]
Deallocating buffers...  [0s]
Deallocating queries...  [0s]
Loading query sequences...  [0s]
Closing the input file...  [0s]
Closing the output file...  [0.082s]
Closing the database...  [0s]
Cleaning up...  [0s]
Total time = 5.956s
Reported 1040 pairwise alignments, 1040 HSPs.
1040 queries aligned.
