2024-12-07 04:00:46,462 - assemble.py - hybpiper.assemble - assemble - INFO - [INFO]:    HybPiper version 2.1.7 was called with these arguments:
2024-12-07 04:00:46,462 - assemble.py - hybpiper.assemble - assemble - INFO -            /home/bbgs/miniconda3/envs/hybpiper/bin/hybpiper assemble -r
           XM_003768930.3.SRR5055304_1.fq XM_003768930.3.SRR5055304_2.fq -t_dna
           XM_003768930.3.fa --prefix XM_003768930.3.SRR5055304_blast --evalue 0.05 --cpu
           64

2024-12-07 04:00:46,462 - assemble.py - hybpiper.assemble - assemble - DEBUG - Namespace(bbmap_memory=1000, bbmap_subfilter=7, bbmap_threads=1, blast=True, bwa=False, chimeric_stitched_contig_discordant_reads_cutoff=5, chimeric_stitched_contig_edit_distance=5, cov_cutoff=8, cpu=64, depth_multiplier=10, diamond=False, diamond_sensitivity=False, distribute_low_mem=False, evalue=0.05, exclude=None, exonerate_hit_sliding_window_size=3, exonerate_hit_sliding_window_thresh=55, func=<function assemble at 0x7f9017d95af0>, keep_intermediate_files=False, kvals=None, max_target_seqs=10, merged=False, no_intronerate=False, no_padding_supercontigs=False, no_stitched_contig=False, output_folder=None, paralog_min_length_percentage=0.75, prefix='XM_003768930.3.SRR5055304_blast', readfiles=['XM_003768930.3.SRR5055304_1.fq', 'XM_003768930.3.SRR5055304_2.fq'], run_profiler=False, spades_single_cell=False, start_from='map_reads', target=None, targetfile_aa=False, targetfile_dna='XM_003768930.3.fa', thresh=55, timeout_assemble=0, timeout_exonerate_contigs=120, unpaired=False, verbose_logging=False)
2024-12-07 04:00:46,462 - utils.py - hybpiper.assemble - get_platform_info - DEBUG - uname:     uname_result(system='Linux', node='morpheus-OptiPlex-5050', release='5.15.0-97-generic', version='#107~20.04.1-Ubuntu SMP Fri Feb 9 14:20:11 UTC 2024', machine='x86_64', processor='x86_64')
2024-12-07 04:00:46,462 - utils.py - hybpiper.assemble - get_platform_info - DEBUG - system:    Linux
2024-12-07 04:00:46,462 - utils.py - hybpiper.assemble - get_platform_info - DEBUG - node:      morpheus-OptiPlex-5050
2024-12-07 04:00:46,462 - utils.py - hybpiper.assemble - get_platform_info - DEBUG - release:   5.15.0-97-generic
2024-12-07 04:00:46,462 - utils.py - hybpiper.assemble - get_platform_info - DEBUG - version:   #107~20.04.1-Ubuntu SMP Fri Feb 9 14:20:11 UTC 2024
2024-12-07 04:00:46,462 - utils.py - hybpiper.assemble - get_platform_info - DEBUG - machine:   x86_64
2024-12-07 04:00:46,462 - utils.py - hybpiper.assemble - get_platform_info - DEBUG - processor: x86_64
2024-12-07 04:00:46,462 - utils.py - hybpiper.assemble - get_ulimit_info - DEBUG - Maximum core file size            (RLIMIT_CORE    ) :                    0                   -1
2024-12-07 04:00:46,462 - utils.py - hybpiper.assemble - get_ulimit_info - DEBUG - Maximum CPU time                  (RLIMIT_CPU     ) :                   -1                   -1
2024-12-07 04:00:46,463 - utils.py - hybpiper.assemble - get_ulimit_info - DEBUG - Maximum file size                 (RLIMIT_FSIZE   ) :                   -1                   -1
2024-12-07 04:00:46,463 - utils.py - hybpiper.assemble - get_ulimit_info - DEBUG - Maximum heap size                 (RLIMIT_DATA    ) :                   -1                   -1
2024-12-07 04:00:46,463 - utils.py - hybpiper.assemble - get_ulimit_info - DEBUG - Maximum stack size                (RLIMIT_STACK   ) :              8388608                   -1
2024-12-07 04:00:46,463 - utils.py - hybpiper.assemble - get_ulimit_info - DEBUG - Maximum resident set size         (RLIMIT_RSS     ) :                   -1                   -1
2024-12-07 04:00:46,463 - utils.py - hybpiper.assemble - get_ulimit_info - DEBUG - Maximum number of processes       (RLIMIT_NPROC   ) :              2062847              2062847
2024-12-07 04:00:46,463 - utils.py - hybpiper.assemble - get_ulimit_info - DEBUG - Maximum number of open files      (RLIMIT_NOFILE  ) :                 1024              1048576
2024-12-07 04:00:46,463 - utils.py - hybpiper.assemble - get_ulimit_info - DEBUG - Maximum lockable memory address   (RLIMIT_MEMLOCK ) :             67108864             67108864
2024-12-07 04:00:46,463 - assemble.py - hybpiper.assemble - assemble - INFO - [INFO]:    Using 64 cpus/threads.
2024-12-07 04:00:46,463 - assemble.py - hybpiper.assemble - assemble - DEBUG - args.start_from is: map_reads
2024-12-07 04:00:46,463 - utils.py - hybpiper.assemble - log_or_print - INFO - [INFO]:    Checking for external dependencies:

2024-12-07 04:00:46,463 - utils.py - hybpiper.assemble - log_or_print - INFO - blastx               found at /home/bbgs/miniconda3/envs/hybpiper/bin/blastx
2024-12-07 04:00:46,463 - utils.py - hybpiper.assemble - log_or_print - INFO - exonerate            found at /home/bbgs/miniconda3/envs/hybpiper/bin/exonerate
2024-12-07 04:00:46,477 - utils.py - hybpiper.assemble - log_or_print - INFO - parallel             found at /home/bbgs/miniconda3/envs/hybpiper/bin/parallel
2024-12-07 04:00:46,477 - utils.py - hybpiper.assemble - log_or_print - INFO - makeblastdb          found at /home/bbgs/miniconda3/envs/hybpiper/bin/makeblastdb
2024-12-07 04:00:46,477 - utils.py - hybpiper.assemble - log_or_print - INFO - spades.py            found at /home/bbgs/miniconda3/envs/hybpiper/bin/spades.py
2024-12-07 04:00:46,478 - utils.py - hybpiper.assemble - log_or_print - INFO - bwa                  found at /home/bbgs/miniconda3/envs/hybpiper/bin/bwa
2024-12-07 04:00:46,478 - utils.py - hybpiper.assemble - log_or_print - INFO - samtools             found at /home/bbgs/miniconda3/envs/hybpiper/bin/samtools
2024-12-07 04:00:46,478 - utils.py - hybpiper.assemble - log_or_print - INFO - bbmap.sh             found at /home/bbgs/miniconda3/envs/hybpiper/bin/bbmap.sh
2024-12-07 04:00:46,478 - utils.py - hybpiper.assemble - log_or_print - INFO - bbmerge.sh           found at /home/bbgs/miniconda3/envs/hybpiper/bin/bbmerge.sh
2024-12-07 04:00:46,478 - utils.py - hybpiper.assemble - log_or_print - INFO - diamond              found at /home/bbgs/miniconda3/envs/hybpiper/bin/diamond
2024-12-07 04:00:46,478 - utils.py - hybpiper.assemble - log_or_print - INFO - mafft                found at /home/bbgs/miniconda3/envs/hybpiper/bin/mafft
2024-12-07 04:00:46,478 - utils.py - hybpiper.assemble - log_or_print - INFO - 
2024-12-07 04:00:46,478 - assemble.py - hybpiper.assemble - assemble - INFO - [INFO]:    Everything looks good!
2024-12-07 04:00:46,478 - assemble.py - hybpiper.assemble - assemble - DEBUG - Input target file XM_003768930.3.fa exists and is not empty, proceeding...
2024-12-07 04:00:46,478 - assemble.py - hybpiper.assemble - assemble - DEBUG - The target file XM_003768930.3.fa has been provided, containing DNA sequences
2024-12-07 04:00:46,478 - assemble.py - hybpiper.assemble - assemble - DEBUG - Input read file /media/morpheus/sagar/BUDDHA/Tasmanian_wolf/Hybpiper/gene_loss_Hybpiper_patchwork/lost_genes/XM_003768930.3.SRR5055304_1.fq exists and is not empty, proceeding...
2024-12-07 04:00:46,478 - assemble.py - hybpiper.assemble - assemble - DEBUG - Input read file /media/morpheus/sagar/BUDDHA/Tasmanian_wolf/Hybpiper/gene_loss_Hybpiper_patchwork/lost_genes/XM_003768930.3.SRR5055304_2.fq exists and is not empty, proceeding...
2024-12-07 04:00:46,479 - utils.py - hybpiper.assemble - log_or_print - INFO - [INFO]:    Checking target file FASTA header formatting...
2024-12-07 04:00:46,479 - utils.py - hybpiper.assemble - log_or_print - INFO - [INFO]:    The target file FASTA header formatting looks good!
2024-12-07 04:00:46,479 - utils.py - hybpiper.assemble - log_or_print - INFO - [INFO]:    The target file contains at least one sequence for 1 unique genes.
2024-12-07 04:00:46,480 - assemble.py - hybpiper.assemble - check_targetfile - INFO - [WARNING]: You have specified that your target file contains DNA sequences, but BLASTx or
           DIAMOND has been selected for read mapping. Translating the target file...
2024-12-07 04:00:46,481 - utils.py - hybpiper.assemble - log_or_print - DEBUG - [INFO]:    There are 1 sequences in your target file that contain a single terminal stop
           codon. Sequence names can be found in the sample log file (if running "hybpiper
           assemble") or printed below (if running "hybpiper check_targetfile").

2024-12-07 04:00:46,481 - utils.py - hybpiper.assemble - log_or_print - DEBUG -            Sarcophilus_harrisii-XM_003768930.3

2024-12-07 04:00:46,481 - assemble.py - hybpiper.assemble - check_targetfile - INFO - [INFO]:    Writing a translated target file to: ./XM_003768930.3.SRR5055304_blast/
           translated_target_file.fasta
2024-12-07 04:00:46,482 - assemble.py - hybpiper.assemble - assemble - INFO - [INFO]:    Output will be written to the directory: ./XM_003768930.3.SRR5055304_blast
2024-12-07 04:00:46,482 - assemble.py - hybpiper.assemble - blastx - INFO - [INFO]:    Making protein blastdb in current directory.
2024-12-07 04:00:46,482 - assemble.py - hybpiper.assemble - blastx - INFO - [CMD]:     makeblastdb -dbtype prot -in translated_target_file.fasta
2024-12-07 04:00:46,694 - assemble.py - hybpiper.assemble - blastx - DEBUG - makeblastdb check_returncode() is: None
2024-12-07 04:00:46,694 - assemble.py - hybpiper.assemble - blastx - DEBUG - makeblastdb stdout is: 

Building a new DB, current time: 12/07/2024 04:00:46
New DB name:   /media/morpheus/sagar/BUDDHA/Tasmanian_wolf/Hybpiper/gene_loss_Hybpiper_patchwork/lost_genes/XM_003768930.3.SRR5055304_blast/translated_target_file.fasta
New DB title:  translated_target_file.fasta
Sequence type: Protein
Keep MBits: T
Maximum file size: 3000000000B
Adding sequences from FASTA; added 1 sequences in 0.000214815 seconds.



2024-12-07 04:00:46,694 - assemble.py - hybpiper.assemble - blastx - DEBUG - makeblastdb stderr is: 
2024-12-07 04:00:46,695 - assemble.py - hybpiper.assemble - blastx - INFO - [CMD]:     cat /media/morpheus/sagar/BUDDHA/Tasmanian_wolf/Hybpiper/
           gene_loss_Hybpiper_patchwork/lost_genes/XM_003768930.3.SRR5055304_1.fq | awk
           '{if(NR % 4 == 1 || NR % 4 == 2) {sub(/@/, ">"); print; } }' | parallel -j 64
           -k --block 200K --recstart '>' --pipe 'blastx -db translated_target_file.fasta
           -query - -evalue 0.05 -outfmt 6 -max_target_seqs 10' >>
           XM_003768930.3.SRR5055304_blast.blastx
2024-12-07 04:00:47,404 - assemble.py - hybpiper.assemble - blastx - DEBUG - blastx paired check_returncode() is: None
2024-12-07 04:00:47,405 - assemble.py - hybpiper.assemble - blastx - DEBUG - blastx paired stdout is: 
2024-12-07 04:00:47,405 - assemble.py - hybpiper.assemble - blastx - DEBUG - blastx paired stderr is: 
2024-12-07 04:00:47,405 - assemble.py - hybpiper.assemble - blastx - INFO - [CMD]:     cat /media/morpheus/sagar/BUDDHA/Tasmanian_wolf/Hybpiper/
           gene_loss_Hybpiper_patchwork/lost_genes/XM_003768930.3.SRR5055304_2.fq | awk
           '{if(NR % 4 == 1 || NR % 4 == 2) {sub(/@/, ">"); print; } }' | parallel -j 64
           -k --block 200K --recstart '>' --pipe 'blastx -db translated_target_file.fasta
           -query - -evalue 0.05 -outfmt 6 -max_target_seqs 10' >>
           XM_003768930.3.SRR5055304_blast.blastx
2024-12-07 04:00:48,084 - assemble.py - hybpiper.assemble - blastx - DEBUG - blastx paired check_returncode() is: None
2024-12-07 04:00:48,084 - assemble.py - hybpiper.assemble - blastx - DEBUG - blastx paired stdout is: 
2024-12-07 04:00:48,084 - assemble.py - hybpiper.assemble - blastx - DEBUG - blastx paired stderr is: 
2024-12-07 04:00:48,085 - distribute_reads_to_targets.py - hybpiper.assemble.hybpiper.distribute_reads_to_targets - read_sorting_blastx - INFO - [INFO]:    Gathering IDs for mapped reads...
2024-12-07 04:00:48,086 - assemble.py - hybpiper.assemble - distribute_blastx - INFO - [INFO]:    In total, 106 reads from the paired-end read files will be distributed to gene directories
2024-12-07 04:00:48,086 - distribute_reads_to_targets.py - hybpiper.assemble.hybpiper.distribute_reads_to_targets - distribute_reads - INFO - [NOTE]:    Distributing paired reads to gene directories
2024-12-07 04:00:48,090 - distribute_targets.py - hybpiper.assemble.hybpiper.distribute_targets - distribute_targets - INFO - [NOTE]:    0 genes had no good matches.
2024-12-07 04:00:48,091 - assemble.py - hybpiper.assemble - spades - DEBUG - args.merged is: False
2024-12-07 04:00:48,091 - assemble.py - hybpiper.assemble - spades - DEBUG - args.unpaired is: False
2024-12-07 04:00:48,091 - spades_runner.py - hybpiper.assemble.hybpiper.spades_runner - spades_initial - INFO - [NOTE]:    Running initial SPAdes assemblies for 1 genes with reads...
2024-12-07 04:00:48,091 - spades_runner.py - hybpiper.assemble.hybpiper.spades_runner - spades_initial - INFO - [INFO]:    See file "spades_initial_commands.txt" for a list of SPAdes commands
2024-12-07 04:00:48,683 - spades_runner.py - hybpiper.assemble.hybpiper.spades_runner - spades_initial - DEBUG - spades_cmd FAILED. Output is: Command 'parallel -j 64 --joblog gnu_parallel_log.txt --eta :::: spades_initial_commands.txt >> spades.log' returned non-zero exit status 1.
2024-12-07 04:00:48,684 - spades_runner.py - hybpiper.assemble.hybpiper.spades_runner - spades_initial - DEBUG - spades_cmd stdout is: 
2024-12-07 04:00:48,684 - spades_runner.py - hybpiper.assemble.hybpiper.spades_runner - spades_initial - INFO - [WARNING]: One or more genes had an error with SPAdes assembly. This may be due to low coverage.
2024-12-07 04:00:48,684 - spades_runner.py - hybpiper.assemble.hybpiper.spades_runner - spades_initial - INFO - [WARNING]: Total number of genes with failed initial SPAdes run: 1. Gene names can be found in the sample log file.
2024-12-07 04:00:48,684 - spades_runner.py - hybpiper.assemble.hybpiper.spades_runner - spades_initial - DEBUG - XM_003768930.3

2024-12-07 04:00:48,684 - assemble.py - hybpiper.assemble - spades - INFO - [INFO]:    Finished running initial SPAdes assemblies for all genes with reads!
2024-12-07 04:00:48,685 - spades_runner.py - hybpiper.assemble.hybpiper.spades_runner - rerun_spades - INFO - [NOTE]:    Re-running SPAdes assemblies for 1 genes with unsuccessful initial assemblies...
2024-12-07 04:00:48,685 - spades_runner.py - hybpiper.assemble.hybpiper.spades_runner - rerun_spades - INFO - [WARNING]: In initial assemblies all Kmers failed for 0 genes; these will not be re-run
2024-12-07 04:00:48,685 - spades_runner.py - hybpiper.assemble.hybpiper.spades_runner - rerun_spades - INFO - [CMD]:     parallel -j 64 --eta --timeout 400% :::: redo_spades_commands.txt >
           spades_redo.log
2024-12-07 04:00:49,268 - spades_runner.py - hybpiper.assemble.hybpiper.spades_runner - rerun_spades - DEBUG - redo_spades_cmd FAILED. Output is: Command 'parallel -j 64 --eta --timeout 400% :::: redo_spades_commands.txt > spades_redo.log' returned non-zero exit status 1.
2024-12-07 04:00:49,268 - spades_runner.py - hybpiper.assemble.hybpiper.spades_runner - rerun_spades - DEBUG - redo_spades_cmd stdout is: 
2024-12-07 04:00:49,268 - spades_runner.py - hybpiper.assemble.hybpiper.spades_runner - rerun_spades - INFO - [WARNING]: One or more genes had an error with SPAdes assembly. This may be due to low coverage.
2024-12-07 04:00:49,269 - spades_runner.py - hybpiper.assemble.hybpiper.spades_runner - rerun_spades - INFO - [WARNING]: Total number of genes with failed SPAdes re-runs: 1. Gene names can be found in the sample log file.
2024-12-07 04:00:49,269 - spades_runner.py - hybpiper.assemble.hybpiper.spades_runner - rerun_spades - DEBUG - XM_003768930.3

2024-12-07 04:00:49,269 - assemble.py - hybpiper.assemble - spades - INFO - [INFO]:    Finished re-running SPAdes assemblies for genes with unsuccessful initial assemblies!
2024-12-07 04:00:49,269 - assemble.py - hybpiper.assemble - spades - DEBUG - Deleting SPAdes assembly folder for gene XM_003768930.3.
2024-12-07 04:00:49,277 - assemble.py - hybpiper.assemble - assemble - ERROR - ERROR: No genes had assembled contigs! Exiting!
