diamond v2.1.9.163 (C) Max Planck Society for the Advancement of Science, Benjamin Buchfink, University of Tuebingen
Documentation, support and updates available at http://www.diamondsearch.org
Please cite: http://dx.doi.org/10.1038/s41592-021-01101-x Nature Methods (2021)

#CPU threads: 72
Scoring parameters: (Matrix=BLOSUM62 Lambda=0.267 K=0.041 Penalties=11/1)
Temporary directory: /tmp
#Target sequences to report alignments for: 25
Opening the database...  [0s]
Database: XM_031940019.1_patchwork/database.dmnd (type: Diamond database, sequences: 1, letters: 1583)
Block size = 2000000000
Opening the input file...  [0.002s]
Opening the output file...  [0s]
Loading query sequences...  [0.033s]
Algorithm: Double-indexed
Building query histograms...  [0.049s]
Seeking in database...  [0s]
Loading reference sequences...  [0s]
Initializing temporary storage...  [0.001s]
Building reference histograms...  [0.019s]
Allocating buffers...  [0.018s]
Processing query block 1, reference block 1/1, shape 1/2, index chunk 1/4.
Building reference seed array...  [0.091s]
Building query seed array...  [0.087s]
Computing hash join...  [0.011s]
Masking low complexity seeds...  [0.022s]
Searching alignments...  [0.14s]
Deallocating memory...  [0s]
Processing query block 1, reference block 1/1, shape 1/2, index chunk 2/4.
Building reference seed array...  [0.077s]
Building query seed array...  [0.067s]
Computing hash join...  [0.014s]
Masking low complexity seeds...  [0.023s]
Searching alignments...  [0.02s]
Deallocating memory...  [0s]
Processing query block 1, reference block 1/1, shape 1/2, index chunk 3/4.
Building reference seed array...  [0.052s]
Building query seed array...  [0.03s]
Computing hash join...  [0.006s]
Masking low complexity seeds...  [0.016s]
Searching alignments...  [0.023s]
Deallocating memory...  [0s]
Processing query block 1, reference block 1/1, shape 1/2, index chunk 4/4.
Building reference seed array...  [0.042s]
Building query seed array...  [0.049s]
Computing hash join...  [0.01s]
Masking low complexity seeds...  [0.012s]
Searching alignments...  [0.03s]
Deallocating memory...  [0s]
Processing query block 1, reference block 1/1, shape 2/2, index chunk 1/4.
Building reference seed array...  [0.024s]
Building query seed array...  [0.048s]
Computing hash join...  [0.006s]
Masking low complexity seeds...  [0.004s]
Searching alignments...  [0.015s]
Deallocating memory...  [0s]
Processing query block 1, reference block 1/1, shape 2/2, index chunk 2/4.
Building reference seed array...  [0.02s]
Building query seed array...  [0.04s]
Computing hash join...  [0.004s]
Masking low complexity seeds...  [0.013s]
Searching alignments...  [0.011s]
Deallocating memory...  [0s]
Processing query block 1, reference block 1/1, shape 2/2, index chunk 3/4.
Building reference seed array...  [0.032s]
Building query seed array...  [0.044s]
Computing hash join...  [0.01s]
Masking low complexity seeds...  [0.004s]
Searching alignments...  [0.015s]
Deallocating memory...  [0s]
Processing query block 1, reference block 1/1, shape 2/2, index chunk 4/4.
Building reference seed array...  [0.02s]
Building query seed array...  [0.033s]
Computing hash join...  [0.014s]
Masking low complexity seeds...  [0.009s]
Searching alignments...  [0.024s]
Deallocating memory...  [0s]
Deallocating buffers...  [0s]
Clearing query masking...  [0s]
Computing alignments... Loading trace points...  [0.022s]
Sorting trace points...  [0.006s]
Computing alignments...  [0.138s]
Deallocating buffers...  [0.002s]
Loading trace points...  [0s]
 [0.171s]
Deallocating reference...  [0s]
Loading reference sequences...  [0s]
Deallocating buffers...  [0s]
Deallocating queries...  [0s]
Loading query sequences...  [0s]
Closing the input file...  [0s]
Closing the output file...  [0.003s]
Closing the database...  [0s]
Cleaning up...  [0s]
Total time = 1.551s
Reported 5166 pairwise alignments, 5166 HSPs.
5166 queries aligned.
