diamond v2.1.9.163 (C) Max Planck Society for the Advancement of Science, Benjamin Buchfink, University of Tuebingen
Documentation, support and updates available at http://www.diamondsearch.org
Please cite: http://dx.doi.org/10.1038/s41592-021-01101-x Nature Methods (2021)

#CPU threads: 72
Scoring parameters: (Matrix=BLOSUM62 Lambda=0.267 K=0.041 Penalties=11/1)
Temporary directory: /tmp
#Target sequences to report alignments for: 25
Opening the database...  [0s]
Database: XM_003774508.4_patchwork/database.dmnd (type: Diamond database, sequences: 1, letters: 300)
Block size = 2000000000
Opening the input file...  [0s]
Opening the output file...  [0s]
Loading query sequences...  [0.023s]
Algorithm: Double-indexed
Building query histograms...  [0.095s]
Seeking in database...  [0s]
Loading reference sequences...  [0s]
Initializing temporary storage...  [0s]
Building reference histograms...  [0.098s]
Allocating buffers...  [0.001s]
Processing query block 1, reference block 1/1, shape 1/2, index chunk 1/4.
Building reference seed array...  [0.159s]
Building query seed array...  [0.103s]
Computing hash join...  [0.054s]
Masking low complexity seeds...  [0.04s]
Searching alignments...  [0.069s]
Deallocating memory...  [0s]
Processing query block 1, reference block 1/1, shape 1/2, index chunk 2/4.
Building reference seed array...  [0.074s]
Building query seed array...  [0.06s]
Computing hash join...  [0.033s]
Masking low complexity seeds...  [0.027s]
Searching alignments...  [0.071s]
Deallocating memory...  [0s]
Processing query block 1, reference block 1/1, shape 1/2, index chunk 3/4.
Building reference seed array...  [0.073s]
Building query seed array...  [0.075s]
Computing hash join...  [0.038s]
Masking low complexity seeds...  [0.035s]
Searching alignments...  [0.043s]
Deallocating memory...  [0s]
Processing query block 1, reference block 1/1, shape 1/2, index chunk 4/4.
Building reference seed array...  [0.073s]
Building query seed array...  [0.087s]
Computing hash join...  [0.03s]
Masking low complexity seeds...  [0.027s]
Searching alignments...  [0.067s]
Deallocating memory...  [0s]
Processing query block 1, reference block 1/1, shape 2/2, index chunk 1/4.
Building reference seed array...  [0.108s]
Building query seed array...  [0.08s]
Computing hash join...  [0.03s]
Masking low complexity seeds...  [0.023s]
Searching alignments...  [0.031s]
Deallocating memory...  [0s]
Processing query block 1, reference block 1/1, shape 2/2, index chunk 2/4.
Building reference seed array...  [0.06s]
Building query seed array...  [0.084s]
Computing hash join...  [0.046s]
Masking low complexity seeds...  [0.036s]
Searching alignments...  [0.058s]
Deallocating memory...  [0s]
Processing query block 1, reference block 1/1, shape 2/2, index chunk 3/4.
Building reference seed array...  [0.082s]
Building query seed array...  [0.071s]
Computing hash join...  [0.034s]
Masking low complexity seeds...  [0.059s]
Searching alignments...  [0.027s]
Deallocating memory...  [0s]
Processing query block 1, reference block 1/1, shape 2/2, index chunk 4/4.
Building reference seed array...  [0.1s]
Building query seed array...  [0.099s]
Computing hash join...  [0.026s]
Masking low complexity seeds...  [0.027s]
Searching alignments...  [0.031s]
Deallocating memory...  [0s]
Deallocating buffers...  [0s]
Clearing query masking...  [0s]
Computing alignments... Loading trace points...  [0.394s]
Sorting trace points...  [0s]
Computing alignments...  [0.058s]
Deallocating buffers...  [0.003s]
Loading trace points...  [0s]
 [0.457s]
Deallocating reference...  [0s]
Loading reference sequences...  [0s]
Deallocating buffers...  [0s]
Deallocating queries...  [0s]
Loading query sequences...  [0s]
Closing the input file...  [0s]
Closing the output file...  [0s]
Closing the database...  [0s]
Cleaning up...  [0s]
Total time = 3.062s
Reported 1058 pairwise alignments, 1058 HSPs.
1058 queries aligned.
