diamond v2.1.9.163 (C) Max Planck Society for the Advancement of Science, Benjamin Buchfink, University of Tuebingen
Documentation, support and updates available at http://www.diamondsearch.org
Please cite: http://dx.doi.org/10.1038/s41592-021-01101-x Nature Methods (2021)

#CPU threads: 72
Scoring parameters: (Matrix=BLOSUM62 Lambda=0.267 K=0.041 Penalties=11/1)
Temporary directory: /tmp
#Target sequences to report alignments for: 25
Opening the database...  [0s]
Database: XM_003771946.4_patchwork/database.dmnd (type: Diamond database, sequences: 1, letters: 1583)
Block size = 2000000000
Opening the input file...  [0.001s]
Opening the output file...  [0s]
Loading query sequences...  [0.025s]
Algorithm: Double-indexed
Building query histograms...  [0.09s]
Seeking in database...  [0s]
Loading reference sequences...  [0s]
Initializing temporary storage...  [0.033s]
Building reference histograms...  [0.05s]
Allocating buffers...  [0.001s]
Processing query block 1, reference block 1/1, shape 1/2, index chunk 1/4.
Building reference seed array...  [0.059s]
Building query seed array...  [0.094s]
Computing hash join...  [0.025s]
Masking low complexity seeds...  [0.029s]
Searching alignments...  [0.053s]
Deallocating memory...  [0s]
Processing query block 1, reference block 1/1, shape 1/2, index chunk 2/4.
Building reference seed array...  [0.061s]
Building query seed array...  [0.067s]
Computing hash join...  [0.019s]
Masking low complexity seeds...  [0.019s]
Searching alignments...  [0.043s]
Deallocating memory...  [0s]
Processing query block 1, reference block 1/1, shape 1/2, index chunk 3/4.
Building reference seed array...  [0.053s]
Building query seed array...  [0.058s]
Computing hash join...  [0.012s]
Masking low complexity seeds...  [0.014s]
Searching alignments...  [0.023s]
Deallocating memory...  [0s]
Processing query block 1, reference block 1/1, shape 1/2, index chunk 4/4.
Building reference seed array...  [0.054s]
Building query seed array...  [0.103s]
Computing hash join...  [0.025s]
Masking low complexity seeds...  [0.023s]
Searching alignments...  [0.023s]
Deallocating memory...  [0s]
Processing query block 1, reference block 1/1, shape 2/2, index chunk 1/4.
Building reference seed array...  [0.085s]
Building query seed array...  [0.081s]
Computing hash join...  [0.021s]
Masking low complexity seeds...  [0.027s]
Searching alignments...  [0.025s]
Deallocating memory...  [0s]
Processing query block 1, reference block 1/1, shape 2/2, index chunk 2/4.
Building reference seed array...  [0.078s]
Building query seed array...  [0.065s]
Computing hash join...  [0.025s]
Masking low complexity seeds...  [0.024s]
Searching alignments...  [0.023s]
Deallocating memory...  [0s]
Processing query block 1, reference block 1/1, shape 2/2, index chunk 3/4.
Building reference seed array...  [0.081s]
Building query seed array...  [0.108s]
Computing hash join...  [0.021s]
Masking low complexity seeds...  [0.031s]
Searching alignments...  [0.024s]
Deallocating memory...  [0s]
Processing query block 1, reference block 1/1, shape 2/2, index chunk 4/4.
Building reference seed array...  [0.099s]
Building query seed array...  [0.092s]
Computing hash join...  [0.023s]
Masking low complexity seeds...  [0.02s]
Searching alignments...  [0.031s]
Deallocating memory...  [0s]
Deallocating buffers...  [0s]
Clearing query masking...  [0s]
Computing alignments... Loading trace points...  [0.426s]
Sorting trace points...  [0s]
Computing alignments...  [0.1s]
Deallocating buffers...  [0.001s]
Loading trace points...  [0s]
 [0.529s]
Deallocating reference...  [0s]
Loading reference sequences...  [0s]
Deallocating buffers...  [0s]
Deallocating queries...  [0s]
Loading query sequences...  [0s]
Closing the input file...  [0s]
Closing the output file...  [0.003s]
Closing the database...  [0s]
Cleaning up...  [0s]
Total time = 2.609s
Reported 5166 pairwise alignments, 5166 HSPs.
5166 queries aligned.
