allantois-ftp.sra.ebi.ac.uk/vol1/fastq/SRR263/068/SRR26386768/SRR26386768_1.fastq.gz;ftp.sra.ebi.ac.uk/vol1/fastq/SRR263/068/SRR26386768/SRR26386768_2.fastq.gz
allantois-ftp.sra.ebi.ac.uk/vol1/fastq/SRR263/079/SRR26386779/SRR26386779_1.fastq.gz;ftp.sra.ebi.ac.uk/vol1/fastq/SRR263/079/SRR26386779/SRR26386779_2.fastq.gz
allantois-ftp.sra.ebi.ac.uk/vol1/fastq/SRR263/080/SRR26386780/SRR26386780_1.fastq.gz;ftp.sra.ebi.ac.uk/vol1/fastq/SRR263/080/SRR26386780/SRR26386780_2.fastq.gz
amnion-ftp.sra.ebi.ac.uk/vol1/fastq/SRR263/060/SRR26386760/SRR26386760_1.fastq.gz;ftp.sra.ebi.ac.uk/vol1/fastq/SRR263/060/SRR26386760/SRR26386760_2.fastq.gz
amnion-ftp.sra.ebi.ac.uk/vol1/fastq/SRR263/061/SRR26386761/SRR26386761_1.fastq.gz;ftp.sra.ebi.ac.uk/vol1/fastq/SRR263/061/SRR26386761/SRR26386761_2.fastq.gz
amnion-ftp.sra.ebi.ac.uk/vol1/fastq/SRR263/062/SRR26386762/SRR26386762_1.fastq.gz;ftp.sra.ebi.ac.uk/vol1/fastq/SRR263/062/SRR26386762/SRR26386762_2.fastq.gz
distalyolksac-ftp.sra.ebi.ac.uk/vol1/fastq/SRR263/058/SRR26386758/SRR26386758_1.fastq.gz;ftp.sra.ebi.ac.uk/vol1/fastq/SRR263/058/SRR26386758/SRR26386758_2.fastq.gz
distalyolksac-ftp.sra.ebi.ac.uk/vol1/fastq/SRR263/059/SRR26386759/SRR26386759_1.fastq.gz;ftp.sra.ebi.ac.uk/vol1/fastq/SRR263/059/SRR26386759/SRR26386759_2.fastq.gz
endometrium-ftp.sra.ebi.ac.uk/vol1/fastq/SRR263/056/SRR26386756/SRR26386756_1.fastq.gz;ftp.sra.ebi.ac.uk/vol1/fastq/SRR263/056/SRR26386756/SRR26386756_2.fastq.gz
endometrium-ftp.sra.ebi.ac.uk/vol1/fastq/SRR263/057/SRR26386757/SRR26386757_1.fastq.gz;ftp.sra.ebi.ac.uk/vol1/fastq/SRR263/057/SRR26386757/SRR26386757_2.fastq.gz
endometrium-ftp.sra.ebi.ac.uk/vol1/fastq/SRR263/077/SRR26386777/SRR26386777_1.fastq.gz;ftp.sra.ebi.ac.uk/vol1/fastq/SRR263/077/SRR26386777/SRR26386777_2.fastq.gz
endometrium-ftp.sra.ebi.ac.uk/vol1/fastq/SRR263/078/SRR26386778/SRR26386778_1.fastq.gz;ftp.sra.ebi.ac.uk/vol1/fastq/SRR263/078/SRR26386778/SRR26386778_2.fastq.gz
eye-ftp.sra.ebi.ac.uk/vol1/fastq/SRR263/069/SRR26386769/SRR26386769_1.fastq.gz;ftp.sra.ebi.ac.uk/vol1/fastq/SRR263/069/SRR26386769/SRR26386769_2.fastq.gz
liver-ftp.sra.ebi.ac.uk/vol1/fastq/SRR263/064/SRR26386764/SRR26386764_1.fastq.gz;ftp.sra.ebi.ac.uk/vol1/fastq/SRR263/064/SRR26386764/SRR26386764_2.fastq.gz
ovary-ftp.sra.ebi.ac.uk/vol1/fastq/SRR263/066/SRR26386766/SRR26386766_1.fastq.gz;ftp.sra.ebi.ac.uk/vol1/fastq/SRR263/066/SRR26386766/SRR26386766_2.fastq.gz
ovary-ftp.sra.ebi.ac.uk/vol1/fastq/SRR263/075/SRR26386775/SRR26386775_1.fastq.gz;ftp.sra.ebi.ac.uk/vol1/fastq/SRR263/075/SRR26386775/SRR26386775_2.fastq.gz
ovary-ftp.sra.ebi.ac.uk/vol1/fastq/SRR263/076/SRR26386776/SRR26386776_1.fastq.gz;ftp.sra.ebi.ac.uk/vol1/fastq/SRR263/076/SRR26386776/SRR26386776_2.fastq.gz
oviduct-ftp.sra.ebi.ac.uk/vol1/fastq/SRR263/073/SRR26386773/SRR26386773_1.fastq.gz;ftp.sra.ebi.ac.uk/vol1/fastq/SRR263/073/SRR26386773/SRR26386773_2.fastq.gz
oviduct-ftp.sra.ebi.ac.uk/vol1/fastq/SRR263/074/SRR26386774/SRR26386774_1.fastq.gz;ftp.sra.ebi.ac.uk/vol1/fastq/SRR263/074/SRR26386774/SRR26386774_2.fastq.gz
prostategland-ftp.sra.ebi.ac.uk/vol1/fastq/SRR263/072/SRR26386772/SRR26386772_1.fastq.gz;ftp.sra.ebi.ac.uk/vol1/fastq/SRR263/072/SRR26386772/SRR26386772_2.fastq.gz
proximalyolksac-ftp.sra.ebi.ac.uk/vol1/fastq/SRR263/070/SRR26386770/SRR26386770_1.fastq.gz;ftp.sra.ebi.ac.uk/vol1/fastq/SRR263/070/SRR26386770/SRR26386770_2.fastq.gz
proximalyolksac-ftp.sra.ebi.ac.uk/vol1/fastq/SRR263/071/SRR26386771/SRR26386771_1.fastq.gz;ftp.sra.ebi.ac.uk/vol1/fastq/SRR263/071/SRR26386771/SRR26386771_2.fastq.gz
testis-ftp.sra.ebi.ac.uk/vol1/fastq/SRR263/067/SRR26386767/SRR26386767_1.fastq.gz;ftp.sra.ebi.ac.uk/vol1/fastq/SRR263/067/SRR26386767/SRR26386767_2.fastq.gz
uterusandoviduct-ftp.sra.ebi.ac.uk/vol1/fastq/SRR263/065/SRR26386765/SRR26386765_1.fastq.gz;ftp.sra.ebi.ac.uk/vol1/fastq/SRR263/065/SRR26386765/SRR26386765_2.fastq.gz
