spleen-ftp.sra.ebi.ac.uk/vol1/fastq/ERR356/001/ERR3568401/ERR3568401_1.fastq.gz;ftp.sra.ebi.ac.uk/vol1/fastq/ERR356/001/ERR3568401/ERR3568401_2.fastq.gz
thyroid-ftp.sra.ebi.ac.uk/vol1/fastq/ERR356/004/ERR3568404/ERR3568404_1.fastq.gz;ftp.sra.ebi.ac.uk/vol1/fastq/ERR356/004/ERR3568404/ERR3568404_2.fastq.gz
sciatic_nerve-ftp.sra.ebi.ac.uk/vol1/fastq/ERR356/005/ERR3568405/ERR3568405_1.fastq.gz;ftp.sra.ebi.ac.uk/vol1/fastq/ERR356/005/ERR3568405/ERR3568405_2.fastq.gz
bone_marrow-ftp.sra.ebi.ac.uk/vol1/fastq/ERR356/009/ERR3568409/ERR3568409_1.fastq.gz;ftp.sra.ebi.ac.uk/vol1/fastq/ERR356/009/ERR3568409/ERR3568409_2.fastq.gz
lung-ftp.sra.ebi.ac.uk/vol1/fastq/ERR356/001/ERR3568411/ERR3568411_1.fastq.gz;ftp.sra.ebi.ac.uk/vol1/fastq/ERR356/001/ERR3568411/ERR3568411_2.fastq.gz
brachial_plexus_nerve-ftp.sra.ebi.ac.uk/vol1/fastq/ERR356/004/ERR3568414/ERR3568414_1.fastq.gz;ftp.sra.ebi.ac.uk/vol1/fastq/ERR356/004/ERR3568414/ERR3568414_2.fastq.gz
axillary_nerve-ftp.sra.ebi.ac.uk/vol1/fastq/ERR356/008/ERR3568418/ERR3568418_1.fastq.gz;ftp.sra.ebi.ac.uk/vol1/fastq/ERR356/008/ERR3568418/ERR3568418_2.fastq.gz
sciatic_nerve-ftp.sra.ebi.ac.uk/vol1/fastq/ERR356/000/ERR3568420/ERR3568420_1.fastq.gz;ftp.sra.ebi.ac.uk/vol1/fastq/ERR356/000/ERR3568420/ERR3568420_2.fastq.gz
heart-ftp.sra.ebi.ac.uk/vol1/fastq/ERR356/001/ERR3568421/ERR3568421_1.fastq.gz;ftp.sra.ebi.ac.uk/vol1/fastq/ERR356/001/ERR3568421/ERR3568421_2.fastq.gz
ovary-ftp.sra.ebi.ac.uk/vol1/fastq/ERR356/005/ERR3568425/ERR3568425_1.fastq.gz;ftp.sra.ebi.ac.uk/vol1/fastq/ERR356/005/ERR3568425/ERR3568425_2.fastq.gz
trigeminal_nerve-ftp.sra.ebi.ac.uk/vol1/fastq/ERR356/001/ERR3568431/ERR3568431_1.fastq.gz;ftp.sra.ebi.ac.uk/vol1/fastq/ERR356/001/ERR3568431/ERR3568431_2.fastq.gz
cerebellum-ftp.sra.ebi.ac.uk/vol1/fastq/ERR356/005/ERR3568435/ERR3568435_1.fastq.gz;ftp.sra.ebi.ac.uk/vol1/fastq/ERR356/005/ERR3568435/ERR3568435_2.fastq.gz
pancreas-ftp.sra.ebi.ac.uk/vol1/fastq/ERR356/007/ERR3568437/ERR3568437_1.fastq.gz;ftp.sra.ebi.ac.uk/vol1/fastq/ERR356/007/ERR3568437/ERR3568437_2.fastq.gz
skin-ftp.sra.ebi.ac.uk/vol1/fastq/ERR356/007/ERR3568407/ERR3568407_1.fastq.gz;ftp.sra.ebi.ac.uk/vol1/fastq/ERR356/007/ERR3568407/ERR3568407_2.fastq.gz
bone_marrow-ftp.sra.ebi.ac.uk/vol1/fastq/ERR356/008/ERR3568408/ERR3568408_1.fastq.gz;ftp.sra.ebi.ac.uk/vol1/fastq/ERR356/008/ERR3568408/ERR3568408_2.fastq.gz
lung-ftp.sra.ebi.ac.uk/vol1/fastq/ERR356/000/ERR3568410/ERR3568410_1.fastq.gz;ftp.sra.ebi.ac.uk/vol1/fastq/ERR356/000/ERR3568410/ERR3568410_2.fastq.gz
skin-ftp.sra.ebi.ac.uk/vol1/fastq/ERR356/002/ERR3568412/ERR3568412_1.fastq.gz;ftp.sra.ebi.ac.uk/vol1/fastq/ERR356/002/ERR3568412/ERR3568412_2.fastq.gz
brachial_plexus_nerve-ftp.sra.ebi.ac.uk/vol1/fastq/ERR356/003/ERR3568413/ERR3568413_1.fastq.gz;ftp.sra.ebi.ac.uk/vol1/fastq/ERR356/003/ERR3568413/ERR3568413_2.fastq.gz
spleen-ftp.sra.ebi.ac.uk/vol1/fastq/ERR356/005/ERR3568415/ERR3568415_1.fastq.gz;ftp.sra.ebi.ac.uk/vol1/fastq/ERR356/005/ERR3568415/ERR3568415_2.fastq.gz
cerebellum-ftp.sra.ebi.ac.uk/vol1/fastq/ERR356/006/ERR3568416/ERR3568416_1.fastq.gz;ftp.sra.ebi.ac.uk/vol1/fastq/ERR356/006/ERR3568416/ERR3568416_2.fastq.gz
cerebrum-ftp.sra.ebi.ac.uk/vol1/fastq/ERR356/007/ERR3568417/ERR3568417_1.fastq.gz;ftp.sra.ebi.ac.uk/vol1/fastq/ERR356/007/ERR3568417/ERR3568417_2.fastq.gz
heart-ftp.sra.ebi.ac.uk/vol1/fastq/ERR356/002/ERR3568422/ERR3568422_1.fastq.gz;ftp.sra.ebi.ac.uk/vol1/fastq/ERR356/002/ERR3568422/ERR3568422_2.fastq.gz
liver-ftp.sra.ebi.ac.uk/vol1/fastq/ERR356/003/ERR3568423/ERR3568423_1.fastq.gz;ftp.sra.ebi.ac.uk/vol1/fastq/ERR356/003/ERR3568423/ERR3568423_2.fastq.gz
ovary-ftp.sra.ebi.ac.uk/vol1/fastq/ERR356/006/ERR3568426/ERR3568426_1.fastq.gz;ftp.sra.ebi.ac.uk/vol1/fastq/ERR356/006/ERR3568426/ERR3568426_2.fastq.gz
liver-ftp.sra.ebi.ac.uk/vol1/fastq/ERR356/007/ERR3568427/ERR3568427_1.fastq.gz;ftp.sra.ebi.ac.uk/vol1/fastq/ERR356/007/ERR3568427/ERR3568427_2.fastq.gz
trigeminal_nerve-ftp.sra.ebi.ac.uk/vol1/fastq/ERR356/008/ERR3568428/ERR3568428_1.fastq.gz;ftp.sra.ebi.ac.uk/vol1/fastq/ERR356/008/ERR3568428/ERR3568428_2.fastq.gz
brain_stem-ftp.sra.ebi.ac.uk/vol1/fastq/ERR356/002/ERR3568432/ERR3568432_1.fastq.gz;ftp.sra.ebi.ac.uk/vol1/fastq/ERR356/002/ERR3568432/ERR3568432_2.fastq.gz
testis-ftp.sra.ebi.ac.uk/vol1/fastq/ERR356/004/ERR3568434/ERR3568434_1.fastq.gz;ftp.sra.ebi.ac.uk/vol1/fastq/ERR356/004/ERR3568434/ERR3568434_2.fastq.gz
cerebrum-ftp.sra.ebi.ac.uk/vol1/fastq/ERR356/006/ERR3568436/ERR3568436_1.fastq.gz;ftp.sra.ebi.ac.uk/vol1/fastq/ERR356/006/ERR3568436/ERR3568436_2.fastq.gz
optic_nerve-ftp.sra.ebi.ac.uk/vol1/fastq/ERR356/002/ERR3568402/ERR3568402_1.fastq.gz;ftp.sra.ebi.ac.uk/vol1/fastq/ERR356/002/ERR3568402/ERR3568402_2.fastq.gz
optic_nerve-ftp.sra.ebi.ac.uk/vol1/fastq/ERR356/003/ERR3568403/ERR3568403_1.fastq.gz;ftp.sra.ebi.ac.uk/vol1/fastq/ERR356/003/ERR3568403/ERR3568403_2.fastq.gz
pancreas-ftp.sra.ebi.ac.uk/vol1/fastq/ERR356/006/ERR3568406/ERR3568406_1.fastq.gz;ftp.sra.ebi.ac.uk/vol1/fastq/ERR356/006/ERR3568406/ERR3568406_2.fastq.gz
axillary_nerve-ftp.sra.ebi.ac.uk/vol1/fastq/ERR356/009/ERR3568419/ERR3568419_1.fastq.gz;ftp.sra.ebi.ac.uk/vol1/fastq/ERR356/009/ERR3568419/ERR3568419_2.fastq.gz
testis-ftp.sra.ebi.ac.uk/vol1/fastq/ERR356/004/ERR3568424/ERR3568424_1.fastq.gz;ftp.sra.ebi.ac.uk/vol1/fastq/ERR356/004/ERR3568424/ERR3568424_2.fastq.gz
trigeminal_nerve-ftp.sra.ebi.ac.uk/vol1/fastq/ERR356/009/ERR3568429/ERR3568429_1.fastq.gz;ftp.sra.ebi.ac.uk/vol1/fastq/ERR356/009/ERR3568429/ERR3568429_2.fastq.gz
trigeminal_nerve-ftp.sra.ebi.ac.uk/vol1/fastq/ERR356/000/ERR3568430/ERR3568430_1.fastq.gz;ftp.sra.ebi.ac.uk/vol1/fastq/ERR356/000/ERR3568430/ERR3568430_2.fastq.gz
brain_stem-ftp.sra.ebi.ac.uk/vol1/fastq/ERR356/003/ERR3568433/ERR3568433_1.fastq.gz;ftp.sra.ebi.ac.uk/vol1/fastq/ERR356/003/ERR3568433/ERR3568433_2.fastq.gz
