IQ-TREE multicore version 2.3.3 COVID-edition for Linux x86 64-bit built Apr 25 2024
Developed by Bui Quang Minh, James Barbetti, Nguyen Lam Tung, Olga Chernomor,
Heiko Schmidt, Dominik Schrempf, Michael Woodhams, Ly Trong Nhan, Thomas Wong

Host:    morpheus-OptiPlex-5050 (AVX2, FMA3, 503 GB RAM)
Command: /home/morpheus/anaconda3/bin/iqtree2 -T AUTO -s SAMD9-SAMD9L.1kb_window.2001-3000.aln -m MFP --alrt 1000 -B 1000 --boot-trees
Seed:    948010 (Using SPRNG - Scalable Parallel Random Number Generator)
Time:    Fri Dec 20 14:36:02 2024
Kernel:  AVX+FMA - auto-detect threads (72 CPU cores detected)

Reading alignment file SAMD9-SAMD9L.1kb_window.2001-3000.aln ... Fasta format detected
Reading fasta file: done in 0.00232601 secs using 99.87% CPU
Alignment most likely contains DNA/RNA sequences
Alignment has 42 sequences with 1000 columns, 542 distinct patterns
495 parsimony-informative, 104 singleton sites, 401 constant sites
                                   Gap/Ambiguity  Composition  p-value
Analyzing sequences: done in 0.000225067 secs using 2835% CPU
   1  SAMD9L_Antechinus_flavipes           0.30%    passed     90.58%
   2  SAMD9L_Dasyurus_viverrinus           0.30%    passed     85.00%
   3  SAMD9L_Dromiciops_gliroides          0.30%    passed     98.49%
   4  SAMD9L_Gracilinanus_agilis           0.30%    passed     97.52%
   5  SAMD9L_Lagorchestes_hirsutus         0.60%    passed     99.11%
   6  SAMD9L_Macropus_fuliginosus          0.60%    passed     99.15%
   7  SAMD9L_Macropus_giganteus            0.60%    passed     98.80%
   8  SAMD9L_Macrotis_lagotis              0.30%    passed     82.67%
   9  SAMD9L_Monodelphis_domestica         0.30%    passed     88.06%
  10  SAMD9L_Myrmecobius_fasciatus         0.30%    passed     99.79%
  11  SAMD9L_Notamacropus_eugenii          0.60%    passed     98.27%
  12  SAMD9L_Phalanger_gymnotis            0.60%    passed     85.39%
  13  SAMD9L_Potorous_gilbertii            0.60%    passed     95.37%
  14  SAMD9L_Pseudocheirus_occidentalis    0.60%    passed     89.00%
  15  SAMD9L_Pseudochirops_corinnae        0.60%    passed     82.31%
  16  SAMD9L_Pseudochirops_cupreus         0.60%    passed     82.24%
  17  SAMD9L_Sarcophilus_harrisii          0.30%    passed     80.07%
  18  SAMD9L_Sminthopsis_crassicaudata     0.30%    passed     69.93%
  19  SAMD9L_Thylacinus_cynocephalus       1.20%    passed     92.53%
  20  SAMD9L_Trichosurus_vulpecula         0.60%    passed     92.69%
  21  SAMD9L_Vombatus_ursinus              0.60%    passed     81.19%
  22  SAMD9_Antechinus_flavipes            0.60%    passed     84.00%
  23  SAMD9_Dasyurus_viverrinus            0.60%    passed     91.21%
  24  SAMD9_Dromiciops_gliroides           0.60%    passed     92.81%
  25  SAMD9_Gracilinanus_agilis            0.30%    passed     83.62%
  26  SAMD9_Lagorchestes_hirsutus          0.30%    passed     75.41%
  27  SAMD9_Macropus_fuliginosus           0.30%    passed     83.56%
  28  SAMD9_Macropus_giganteus             0.30%    passed     83.56%
  29  SAMD9_Macrotis_lagotis               0.30%    passed     95.11%
  30  SAMD9_Monodelphis_domestica          0.60%    passed     98.80%
  31  SAMD9_Myrmecobius_fasciatus          0.30%    passed     90.14%
  32  SAMD9_Notamacropus_eugenii           0.30%    passed     85.75%
  33  SAMD9_Phalanger_gymnotis             0.30%    passed     99.73%
  34  SAMD9_Potorous_gilbertii             0.30%    passed     96.15%
  35  SAMD9_Pseudocheirus_occidentalis     0.30%    passed     97.71%
  36  SAMD9_Pseudochirops_corinnae         0.30%    passed     99.52%
  37  SAMD9_Pseudochirops_cupreus          0.30%    passed     99.84%
  38  SAMD9_Sarcophilus_harrisii           0.60%    passed     96.82%
  39  SAMD9_Sminthopsis_crassicaudata      0.30%    passed     98.57%
  40  SAMD9_Thylacinus_cynocephalus        0.60%    passed     89.40%
  41  SAMD9_Trichosurus_vulpecula          0.30%    passed     95.49%
  42  SAMD9_Vombatus_ursinus               0.30%    passed     99.81%
****  TOTAL                                0.44%  0 sequences failed composition chi2 test (p-value<5%; df=3)
NOTE: SAMD9_Macropus_giganteus is identical to SAMD9_Macropus_fuliginosus but kept for subsequent analysis


Create initial parsimony tree by phylogenetic likelihood library (PLL)... 0.015 seconds
Measuring multi-threading efficiency up to 72 CPU cores
Increase to 10 rounds for branch lengths
1678 trees examined
Threads: 1 / Time: 72.032 sec / Speedup: 1.000 / Efficiency: 100% / LogL: -17935
Threads: 2 / Time: 46.789 sec / Speedup: 1.539 / Efficiency: 77% / LogL: -17935
Threads: 3 / Time: 38.635 sec / Speedup: 1.864 / Efficiency: 62% / LogL: -17935
Threads: 4 / Time: 36.136 sec / Speedup: 1.993 / Efficiency: 50% / LogL: -17935
BEST NUMBER OF THREADS: 3

Perform fast likelihood tree search using GTR+I+G model...
Estimate model parameters (epsilon = 5.000)
Perform nearest neighbor interchange...
Estimate model parameters (epsilon = 1.000)
1. Initial log-likelihood: -8906.389
Optimal log-likelihood: -8906.378
Rate parameters:  A-C: 1.61950  A-G: 4.24994  A-T: 0.80728  C-G: 1.54559  C-T: 5.11850  G-T: 1.00000
Base frequencies:  A: 0.351  C: 0.167  G: 0.199  T: 0.282
Proportion of invariable sites: 0.191
Gamma shape alpha: 1.767
Parameters optimization took 1 rounds (0.011 sec)
Time for fast ML tree search: 0.133 seconds

NOTE: ModelFinder requires 9 MB RAM!
ModelFinder will test up to 484 DNA models (sample size: 1000) ...
 No. Model         -LnL         df  AIC          AICc         BIC
  1  GTR+F         9100.005     89  18378.010    18395.615    18814.800
  2  GTR+F+I       8939.148     90  18058.297    18076.317    18499.995
  3  GTR+F+G4      8910.637     90  18001.274    18019.294    18442.972
  4  GTR+F+I+G4    8906.387     91  17994.774    18013.215    18441.380
  5  GTR+F+R2      8915.473     91  18012.946    18031.386    18459.552
  6  GTR+F+R3      8901.104     93  17988.208    18007.506    18444.629
  7  GTR+F+R4      8900.682     95  17991.365    18011.542    18457.601
 14  GTR+F+I+R2    8907.628     92  17999.255    18018.122    18450.769
 15  GTR+F+I+R3    8900.498     94  17988.997    18008.732    18450.326
 16  GTR+F+I+R4    8900.270     96  17992.540    18013.164    18463.684
 25  SYM+G4        8977.290     87  18128.579    18145.369    18555.554
 26  SYM+I+G4      8972.262     88  18120.524    18137.719    18552.407
 28  SYM+R3        8964.463     90  18108.926    18126.946    18550.624
 36  SYM+I+R2      8973.653     89  18125.306    18142.910    18562.096
 37  SYM+I+R3      8963.789     91  18109.578    18128.019    18556.184
 47  TVM+F+G4      8913.007     89  18004.013    18021.618    18440.804
 48  TVM+F+I+G4    8908.888     90  17997.776    18015.796    18439.474
 50  TVM+F+R3      8902.971     92  17989.943    18008.810    18441.456
 58  TVM+F+I+R2    8910.576     91  18003.152    18021.592    18449.758
 59  TVM+F+I+R3    8902.439     93  17990.878    18010.176    18447.299
 69  TVMe+G4       8977.434     86  18126.868    18143.258    18548.935
 70  TVMe+I+G4     8972.296     87  18118.592    18135.382    18545.567
 72  TVMe+R3       8964.497     89  18106.993    18124.597    18543.783
 80  TVMe+I+R2     8973.596     88  18123.191    18140.386    18555.074
 81  TVMe+I+R3     8963.797     90  18107.594    18125.614    18549.292
 91  TIM3+F+G4     8911.629     88  17999.257    18016.451    18431.140
 92  TIM3+F+I+G4   8907.356     89  17992.712    18010.317    18429.503
 94  TIM3+F+R3     8902.144     91  17986.288    18004.729    18432.894
102  TIM3+F+I+R2   8908.557     90  17997.114    18015.134    18438.812
103  TIM3+F+I+R3   8901.551     92  17987.102    18005.968    18438.615
113  TIM3e+G4      8983.132     85  18136.264    18152.259    18553.423
114  TIM3e+I+G4    8977.922     86  18127.845    18144.235    18549.912
116  TIM3e+R3      8980.660     88  18137.320    18154.515    18569.203
124  TIM3e+I+R2    8979.474     87  18132.948    18149.738    18559.923
125  TIM3e+I+R3    8969.465     89  18116.930    18134.535    18553.720
135  TIM2+F+G4     8929.826     88  18035.651    18052.846    18467.534
136  TIM2+F+I+G4   8924.764     89  18027.529    18045.133    18464.319
138  TIM2+F+R3     8918.411     91  18018.821    18037.262    18465.427
146  TIM2+F+I+R2   8926.453     90  18032.907    18050.926    18474.605
147  TIM2+F+I+R3   8917.939     92  18019.879    18038.745    18471.392
157  TIM2e+G4      8979.856     85  18129.712    18145.707    18546.871
158  TIM2e+I+G4    8974.630     86  18121.259    18137.649    18543.326
160  TIM2e+R3      8966.661     88  18109.322    18126.517    18541.205
168  TIM2e+I+R2    8975.802     87  18125.604    18142.393    18552.578
169  TIM2e+I+R3    8965.907     89  18109.815    18127.419    18546.605
179  TIM+F+G4      8925.533     88  18027.067    18044.261    18458.949
180  TIM+F+I+G4    8920.626     89  18019.251    18036.856    18456.042
182  TIM+F+R3      8914.202     91  18010.405    18028.845    18457.011
190  TIM+F+I+R2    8922.318     90  18024.636    18042.656    18466.334
191  TIM+F+I+R3    8913.727     92  18011.454    18030.321    18462.968
201  TIMe+G4       8984.253     85  18138.507    18154.502    18555.666
202  TIMe+I+G4     8978.903     86  18129.805    18146.195    18551.872
204  TIMe+R3       8981.709     88  18139.419    18156.613    18571.301
212  TIMe+I+R2     8980.302     87  18134.605    18151.394    18561.580
213  TIMe+I+R3     8970.238     89  18118.475    18136.080    18555.266
223  TPM3u+F+G4    8914.021     87  18002.042    18018.831    18429.016
224  TPM3u+F+I+G4  8909.869     88  17995.739    18012.933    18427.621
226  TPM3u+F+R3    8904.024     90  17988.047    18006.067    18429.745
234  TPM3u+F+I+R2  8911.466     89  18000.933    18018.537    18437.723
235  TPM3u+F+I+R3  8903.506     91  17989.011    18007.452    18435.617
245  TPM3+G4       8983.228     84  18134.456    18150.062    18546.707
246  TPM3+I+G4     8978.005     85  18126.010    18142.006    18543.169
248  TPM3+R3       8980.685     87  18135.370    18152.159    18562.345
256  TPM3+I+R2     8979.401     86  18130.802    18147.192    18552.869
257  TPM3+I+R3     8969.511     88  18115.021    18132.215    18546.904
267  TPM2u+F+G4    8931.697     87  18037.394    18054.184    18464.369
268  TPM2u+F+I+G4  8926.893     88  18029.785    18046.979    18461.667
270  TPM2u+F+R3    8920.146     90  18020.292    18038.312    18461.990
278  TPM2u+F+I+R2  8929.154     89  18036.307    18053.912    18473.098
279  TPM2u+F+I+R3  8919.660     91  18021.320    18039.761    18467.926
289  TPM2+G4       8979.992     84  18127.984    18143.591    18540.236
290  TPM2+I+G4     8974.729     85  18119.458    18135.454    18536.617
292  TPM2+R3       8966.714     87  18107.428    18124.217    18534.403
300  TPM2+I+R2     8975.830     86  18123.660    18140.050    18545.727
301  TPM2+I+R3     8965.963     88  18107.927    18125.121    18539.809
311  K3Pu+F+G4     8927.446     87  18028.892    18045.682    18455.867
312  K3Pu+F+I+G4   8922.779     88  18021.559    18038.753    18453.441
314  K3Pu+F+R3     8915.933     90  18011.866    18029.886    18453.564
322  K3Pu+F+I+R2   8925.030     89  18028.059    18045.664    18464.849
323  K3Pu+F+I+R3   8915.447     91  18012.894    18031.334    18459.499
333  K3P+G4        8984.335     84  18136.670    18152.277    18548.922
334  K3P+I+G4      8978.992     85  18127.983    18143.979    18545.142
336  K3P+R3        8981.724     87  18137.447    18154.237    18564.422
344  K3P+I+R2      8980.319     86  18132.638    18149.028    18554.705
345  K3P+I+R3      8970.202     88  18116.404    18133.598    18548.287
355  TN+F+G4       8930.095     87  18034.191    18050.980    18461.165
356  TN+F+I+G4     8925.031     88  18026.062    18043.256    18457.944
358  TN+F+R3       8918.610     90  18017.220    18035.239    18458.917
366  TN+F+I+R2     8926.595     89  18031.190    18048.794    18467.980
367  TN+F+I+R3     8918.120     91  18018.241    18036.681    18464.846
377  TNe+G4        8985.194     84  18138.388    18153.994    18550.639
378  TNe+I+G4      8979.895     85  18129.790    18145.786    18546.949
380  TNe+R3        8982.630     87  18139.259    18156.049    18566.234
388  TNe+I+R2      8981.226     86  18134.452    18150.842    18556.519
389  TNe+I+R3      8971.159     88  18118.318    18135.512    18550.200
399  HKY+F+G4      8931.990     86  18035.980    18052.370    18458.047
400  HKY+F+I+G4    8927.196     87  18028.393    18045.182    18455.368
402  HKY+F+R3      8920.413     89  18018.826    18036.430    18455.616
410  HKY+F+I+R2    8929.344     88  18034.689    18051.883    18466.571
411  HKY+F+I+R3    8919.859     90  18019.717    18037.737    18461.415
421  K2P+G4        8985.279     83  18136.557    18151.780    18543.901
422  K2P+I+G4      8979.907     84  18127.814    18143.420    18540.065
424  K2P+R3        8982.651     86  18137.302    18153.692    18559.369
432  K2P+I+R2      8981.229     85  18132.458    18148.453    18549.617
433  K2P+I+R3      8971.174     87  18116.347    18133.137    18543.322
443  F81+F+G4      9235.175     85  18640.350    18656.345    19057.509
444  F81+F+I+G4    9229.261     86  18630.522    18646.912    19052.589
446  F81+F+R3      9232.054     88  18640.108    18657.302    19071.991
454  F81+F+I+R2    9230.924     87  18635.848    18652.637    19062.822
455  F81+F+I+R3    9229.627     89  18637.254    18654.858    19074.044
465  JC+G4         9264.265     82  18692.531    18707.375    19094.966
466  JC+I+G4       9258.543     83  18683.086    18698.309    19090.430
468  JC+R3         9261.221     85  18692.441    18708.437    19109.600
476  JC+I+R2       9261.613     84  18691.226    18706.833    19103.478
477  JC+I+R3       9258.971     86  18689.942    18706.332    19112.009
Akaike Information Criterion:           TIM3+F+R3
Corrected Akaike Information Criterion: TIM3+F+R3
Bayesian Information Criterion:         TPM3u+F+I+G4
Best-fit model: TPM3u+F+I+G4 chosen according to BIC

All model information printed to SAMD9-SAMD9L.1kb_window.2001-3000.aln.model.gz
CPU time for ModelFinder: 573.243 seconds (0h:9m:33s)
Wall-clock time for ModelFinder: 240.182 seconds (0h:4m:0s)
Generating 1000 samples for ultrafast bootstrap (seed: 948010)...

NOTE: 5 MB RAM (0 GB) is required!
Estimate model parameters (epsilon = 0.100)
Thoroughly optimizing +I+G parameters from 10 start values...
Init pinv, alpha: 0.000, 1.783 / Estimate: 0.000, 0.865 / LogL: -8914.020
Init pinv, alpha: 0.045, 1.783 / Estimate: 0.048, 0.997 / LogL: -8912.895
Init pinv, alpha: 0.089, 1.783 / Estimate: 0.096, 1.173 / LogL: -8911.704
Init pinv, alpha: 0.134, 1.783 / Estimate: 0.142, 1.405 / LogL: -8910.626
Init pinv, alpha: 0.178, 1.783 / Estimate: 0.182, 1.681 / LogL: -8909.969
Init pinv, alpha: 0.223, 1.783 / Estimate: 0.218, 2.036 / LogL: -8909.896
Init pinv, alpha: 0.267, 1.783 / Estimate: 0.233, 2.215 / LogL: -8910.111
Init pinv, alpha: 0.312, 1.783 / Estimate: 0.231, 2.194 / LogL: -8910.077
Init pinv, alpha: 0.356, 1.783 / Estimate: 0.231, 2.194 / LogL: -8910.078
Init pinv, alpha: 0.401, 1.783 / Estimate: 0.233, 2.214 / LogL: -8910.110
Optimal pinv,alpha: 0.218, 2.036 / LogL: -8909.896

Parameters optimization took 0.786 sec
Wrote distance file to... 
Computing ML distances based on estimated model parameters...
Calculating distance matrix: done in 0.00402904 secs using 300.2% CPU
Computing ML distances took 0.004108 sec (of wall-clock time) 0.012416 sec (of CPU time)
Setting up auxiliary I and S matrices: done in 0.000224829 secs using 326.5% CPU
Computing RapidNJ tree took 0.001162 sec (of wall-clock time) 0.002469 sec (of CPU time)
Log-likelihood of RapidNJ tree: -8952.747
--------------------------------------------------------------------
|             INITIALIZING CANDIDATE TREE SET                      |
--------------------------------------------------------------------
Generating 98 parsimony trees... 0.469 second
Computing log-likelihood of 98 initial trees ... 0.378 seconds
Current best score: -8909.896

Do NNI search on 20 best initial trees
Estimate model parameters (epsilon = 0.100)
BETTER TREE FOUND at iteration 1: -8909.884
Iteration 10 / LogL: -8909.916 / Time: 0h:4m:2s
UPDATE BEST LOG-LIKELIHOOD: -8909.884
Iteration 20 / LogL: -8909.888 / Time: 0h:4m:3s
Finish initializing candidate tree set (1)
Current best tree score: -8909.884 / CPU time: 2.163
Number of iterations: 20
--------------------------------------------------------------------
|               OPTIMIZING CANDIDATE TREE SET                      |
--------------------------------------------------------------------
Iteration 30 / LogL: -8915.312 / Time: 0h:4m:3s (0h:0m:9s left)
Iteration 40 / LogL: -8909.884 / Time: 0h:4m:4s (0h:0m:7s left)
Iteration 50 / LogL: -8915.545 / Time: 0h:4m:5s (0h:0m:5s left)
Log-likelihood cutoff on original alignment: -8943.675
UFBoot trees printed to SAMD9-SAMD9L.1kb_window.2001-3000.aln.ufboot
Iteration 60 / LogL: -8909.884 / Time: 0h:4m:6s (0h:0m:4s left)
Iteration 70 / LogL: -8909.884 / Time: 0h:4m:7s (0h:0m:3s left)
Iteration 80 / LogL: -8915.311 / Time: 0h:4m:8s (0h:0m:2s left)
Iteration 90 / LogL: -8909.887 / Time: 0h:4m:8s (0h:0m:1s left)
Iteration 100 / LogL: -8909.905 / Time: 0h:4m:9s (0h:0m:0s left)
Log-likelihood cutoff on original alignment: -8943.675
NOTE: Bootstrap correlation coefficient of split occurrence frequencies: 1.000
UFBoot trees printed to SAMD9-SAMD9L.1kb_window.2001-3000.aln.ufboot
TREE SEARCH COMPLETED AFTER 102 ITERATIONS / Time: 0h:4m:9s

--------------------------------------------------------------------
|                    FINALIZING TREE SEARCH                        |
--------------------------------------------------------------------
Performs final model parameters optimization
Estimate model parameters (epsilon = 0.010)
1. Initial log-likelihood: -8909.884
Optimal log-likelihood: -8909.874
Rate parameters:  A-C: 1.79360  A-G: 5.24481  A-T: 1.00000  C-G: 1.79360  C-T: 5.24481  G-T: 1.00000
Base frequencies:  A: 0.351  C: 0.167  G: 0.199  T: 0.282
Proportion of invariable sites: 0.216
Gamma shape alpha: 2.006
Parameters optimization took 1 rounds (0.011 sec)
BEST SCORE FOUND : -8909.874

Testing tree branches by SH-like aLRT with 1000 replicates...
0.249 sec.
Creating bootstrap support values...
Split supports printed to NEXUS file SAMD9-SAMD9L.1kb_window.2001-3000.aln.splits.nex
Total tree length: 1.741

Total number of iterations: 102
CPU time used for tree search: 26.095 sec (0h:0m:26s)
Wall-clock time used for tree search: 8.882 sec (0h:0m:8s)
Total CPU time used: 602.935 sec (0h:10m:2s)
Total wall-clock time used: 250.267 sec (0h:4m:10s)
UFBoot trees printed to SAMD9-SAMD9L.1kb_window.2001-3000.aln.ufboot

Computing bootstrap consensus tree...
Reading input file SAMD9-SAMD9L.1kb_window.2001-3000.aln.splits.nex...
42 taxa and 173 splits.
Consensus tree written to SAMD9-SAMD9L.1kb_window.2001-3000.aln.contree
Reading input trees file SAMD9-SAMD9L.1kb_window.2001-3000.aln.contree
Log-likelihood of consensus tree: -8909.879

Analysis results written to: 
  IQ-TREE report:                SAMD9-SAMD9L.1kb_window.2001-3000.aln.iqtree
  Maximum-likelihood tree:       SAMD9-SAMD9L.1kb_window.2001-3000.aln.treefile
  Likelihood distances:          SAMD9-SAMD9L.1kb_window.2001-3000.aln.mldist

Ultrafast bootstrap approximation results written to:
  Split support values:          SAMD9-SAMD9L.1kb_window.2001-3000.aln.splits.nex
  Consensus tree:                SAMD9-SAMD9L.1kb_window.2001-3000.aln.contree
  UFBoot trees:                  SAMD9-SAMD9L.1kb_window.2001-3000.aln.ufboot
  Screen log file:               SAMD9-SAMD9L.1kb_window.2001-3000.aln.log

Date and Time: Fri Dec 20 14:40:13 2024
