IQ-TREE multicore version 2.3.3 COVID-edition for Linux x86 64-bit built Apr 25 2024
Developed by Bui Quang Minh, James Barbetti, Nguyen Lam Tung, Olga Chernomor,
Heiko Schmidt, Dominik Schrempf, Michael Woodhams, Ly Trong Nhan, Thomas Wong

Host:    morpheus-OptiPlex-5050 (AVX2, FMA3, 503 GB RAM)
Command: /home/morpheus/anaconda3/bin/iqtree2 -T AUTO -s SAMD9-SAMD9L.PRANK.aln -m MFP --alrt 1000 -B 1000 --boot-trees
Seed:    634432 (Using SPRNG - Scalable Parallel Random Number Generator)
Time:    Fri Dec 20 14:24:30 2024
Kernel:  AVX+FMA - auto-detect threads (72 CPU cores detected)

Reading alignment file SAMD9-SAMD9L.PRANK.aln ... Fasta format detected
Reading fasta file: done in 0.00460696 secs using 81.2% CPU
Alignment most likely contains DNA/RNA sequences
Alignment has 42 sequences with 4894 columns, 2733 distinct patterns
2651 parsimony-informative, 573 singleton sites, 1670 constant sites
                                   Gap/Ambiguity  Composition  p-value
Analyzing sequences: done in 0.000234842 secs using 3688% CPU
   1  SAMD9L_Antechinus_flavipes           2.90%    passed     68.13%
   2  SAMD9L_Dasyurus_viverrinus           2.90%    passed     46.21%
   3  SAMD9L_Dromiciops_gliroides          2.78%    passed     69.89%
   4  SAMD9L_Gracilinanus_agilis           3.27%    passed     96.27%
   5  SAMD9L_Lagorchestes_hirsutus         3.51%    passed     88.77%
   6  SAMD9L_Macropus_fuliginosus          3.51%    passed     76.04%
   7  SAMD9L_Macropus_giganteus            3.51%    passed     86.73%
   8  SAMD9L_Macrotis_lagotis              2.84%    passed     76.51%
   9  SAMD9L_Monodelphis_domestica         3.27%    passed     89.05%
  10  SAMD9L_Myrmecobius_fasciatus         3.02%    passed     91.57%
  11  SAMD9L_Notamacropus_eugenii          3.51%    passed     89.89%
  12  SAMD9L_Phalanger_gymnotis            3.45%    passed     55.71%
  13  SAMD9L_Potorous_gilbertii            3.51%    passed     77.69%
  14  SAMD9L_Pseudocheirus_occidentalis    3.45%    passed     94.73%
  15  SAMD9L_Pseudochirops_corinnae        3.45%    passed     91.34%
  16  SAMD9L_Pseudochirops_cupreus         3.45%    passed     81.94%
  17  SAMD9L_Sarcophilus_harrisii          2.90%    passed     69.94%
  18  SAMD9L_Sminthopsis_crassicaudata     2.90%    passed     69.02%
  19  SAMD9L_Thylacinus_cynocephalus       3.51%    passed     86.01%
  20  SAMD9L_Trichosurus_vulpecula         3.33%    passed     98.78%
  21  SAMD9L_Vombatus_ursinus              3.51%    passed     19.52%
  22  SAMD9_Antechinus_flavipes            3.02%    passed     80.56%
  23  SAMD9_Dasyurus_viverrinus            3.21%    passed     60.78%
  24  SAMD9_Dromiciops_gliroides           2.90%    passed     97.81%
  25  SAMD9_Gracilinanus_agilis            2.96%    passed     41.43%
  26  SAMD9_Lagorchestes_hirsutus          3.09%    passed     85.74%
  27  SAMD9_Macropus_fuliginosus           3.09%    passed     88.51%
  28  SAMD9_Macropus_giganteus             3.09%    passed     91.42%
  29  SAMD9_Macrotis_lagotis               3.94%    passed     74.86%
  30  SAMD9_Monodelphis_domestica          3.33%    passed     62.79%
  31  SAMD9_Myrmecobius_fasciatus          2.96%    passed     59.75%
  32  SAMD9_Notamacropus_eugenii           3.02%    passed     91.33%
  33  SAMD9_Phalanger_gymnotis             2.84%    passed     89.75%
  34  SAMD9_Potorous_gilbertii             3.02%    passed     98.70%
  35  SAMD9_Pseudocheirus_occidentalis     3.21%    passed     79.21%
  36  SAMD9_Pseudochirops_corinnae         3.21%    passed     81.33%
  37  SAMD9_Pseudochirops_cupreus          3.39%    passed     71.74%
  38  SAMD9_Sarcophilus_harrisii           3.27%    passed     75.24%
  39  SAMD9_Sminthopsis_crassicaudata      2.96%    passed     68.93%
  40  SAMD9_Thylacinus_cynocephalus        2.96%    passed     76.67%
  41  SAMD9_Trichosurus_vulpecula          2.84%    passed     94.00%
  42  SAMD9_Vombatus_ursinus               3.15%    passed     69.64%
****  TOTAL                                3.19%  0 sequences failed composition chi2 test (p-value<5%; df=3)


Create initial parsimony tree by phylogenetic likelihood library (PLL)... 0.042 seconds
Measuring multi-threading efficiency up to 72 CPU cores
Increase to 10 rounds for branch lengths
354 trees examined
Threads: 1 / Time: 72.039 sec / Speedup: 1.000 / Efficiency: 100% / LogL: -95459
Threads: 2 / Time: 48.081 sec / Speedup: 1.498 / Efficiency: 75% / LogL: -95459
Threads: 3 / Time: 37.127 sec / Speedup: 1.940 / Efficiency: 65% / LogL: -95459
Threads: 4 / Time: 38.392 sec / Speedup: 1.876 / Efficiency: 47% / LogL: -95459
BEST NUMBER OF THREADS: 3

Perform fast likelihood tree search using GTR+I+G model...
Estimate model parameters (epsilon = 5.000)
Perform nearest neighbor interchange...
Estimate model parameters (epsilon = 1.000)
1. Initial log-likelihood: -48722.684
Optimal log-likelihood: -48722.102
Rate parameters:  A-C: 1.35044  A-G: 4.28645  A-T: 0.69834  C-G: 1.28899  C-T: 4.86247  G-T: 1.00000
Base frequencies:  A: 0.352  C: 0.178  G: 0.202  T: 0.268
Proportion of invariable sites: 0.160
Gamma shape alpha: 1.868
Parameters optimization took 1 rounds (0.057 sec)
Time for fast ML tree search: 0.596 seconds

NOTE: ModelFinder requires 47 MB RAM!
ModelFinder will test up to 484 DNA models (sample size: 4894) ...
 No. Model         -LnL         df  AIC          AICc         BIC
  1  GTR+F         49770.641    89  99719.281    99722.616    100297.404
  2  GTR+F+I       48929.738    90  98039.476    98042.886    98624.094
  3  GTR+F+G4      48744.261    90  97668.522    97671.933    98253.141
  4  GTR+F+I+G4    48722.062    91  97626.124    97629.611    98217.238
  5  GTR+F+R2      48752.894    91  97687.787    97691.274    98278.902
  6  GTR+F+R3      48721.464    93  97628.929    97632.571    98233.035
  7  GTR+F+R4      48721.434    95  97632.867    97636.669    98249.965
 14  GTR+F+I+R2    48727.457    92  97638.914    97642.478    98236.524
 15  GTR+F+I+R3    48722.032    94  97632.063    97635.785    98242.665
 26  SYM+I+G4      49106.203    88  98388.406    98391.666    98960.034
 48  TVM+F+I+G4    48728.728    90  97637.455    97640.866    98222.074
 70  TVMe+I+G4     49109.110    87  98392.220    98395.406    98957.352
 92  TIM3+F+I+G4   48736.175    89  97650.349    97653.684    98228.472
114  TIM3e+I+G4    49129.067    86  98430.134    98433.247    98988.770
136  TIM2+F+I+G4   48794.986    89  97767.973    97771.307    98346.096
158  TIM2e+I+G4    49120.824    86  98413.648    98416.761    98972.283
180  TIM+F+I+G4    48773.163    89  97724.326    97727.661    98302.449
202  TIMe+I+G4     49126.816    86  98425.631    98428.744    98984.267
224  TPM3u+F+I+G4  48743.076    88  97662.153    97665.413    98233.780
246  TPM3+I+G4     49131.677    85  98433.353    98436.394    98985.493
268  TPM2u+F+I+G4  48801.001    88  97778.003    97781.263    98349.630
290  TPM2+I+G4     49123.591    85  98417.182    98420.223    98969.322
312  K3Pu+F+I+G4   48779.370    88  97734.741    97738.001    98306.368
334  K3P+I+G4      49129.281    85  98428.561    98431.602    98980.701
356  TN+F+I+G4     48800.063    88  97776.125    97779.385    98347.752
378  TNe+I+G4      49136.556    85  98443.112    98446.153    98995.252
400  HKY+F+I+G4    48806.315    87  97786.630    97789.816    98351.762
422  K2P+I+G4      49139.020    84  98446.039    98449.009    98991.684
444  F81+F+I+G4    50779.809    86  101731.618   101734.731   102290.254
466  JC+I+G4       51013.320    83  102192.640   102195.539   102731.788
Akaike Information Criterion:           GTR+F+I+G4
Corrected Akaike Information Criterion: GTR+F+I+G4
Bayesian Information Criterion:         GTR+F+I+G4
Best-fit model: GTR+F+I+G4 chosen according to BIC

All model information printed to SAMD9-SAMD9L.PRANK.aln.model.gz
CPU time for ModelFinder: 473.677 seconds (0h:7m:53s)
Wall-clock time for ModelFinder: 206.135 seconds (0h:3m:26s)
Generating 1000 samples for ultrafast bootstrap (seed: 634432)...

NOTE: 25 MB RAM (0 GB) is required!
Estimate model parameters (epsilon = 0.100)
Thoroughly optimizing +I+G parameters from 10 start values...
Init pinv, alpha: 0.000, 1.882 / Estimate: 0.000, 0.984 / LogL: -48744.276
Init pinv, alpha: 0.038, 1.882 / Estimate: 0.151, 1.781 / LogL: -48722.514
Init pinv, alpha: 0.076, 1.882 / Estimate: 0.150, 1.781 / LogL: -48722.516
Init pinv, alpha: 0.114, 1.882 / Estimate: 0.151, 1.786 / LogL: -48722.481
Init pinv, alpha: 0.152, 1.882 / Estimate: 0.155, 1.819 / LogL: -48722.302
Init pinv, alpha: 0.190, 1.882 / Estimate: 0.180, 2.084 / LogL: -48722.273
Init pinv, alpha: 0.227, 1.882 / Estimate: 0.179, 2.081 / LogL: -48722.249
Init pinv, alpha: 0.265, 1.882 / Estimate: 0.179, 2.077 / LogL: -48722.228
Init pinv, alpha: 0.303, 1.882 / Estimate: 0.179, 2.073 / LogL: -48722.207
Init pinv, alpha: 0.341, 1.882 / Estimate: 0.179, 2.080 / LogL: -48722.239
Optimal pinv,alpha: 0.179, 2.073 / LogL: -48722.207

Parameters optimization took 6.972 sec
Wrote distance file to... 
Computing ML distances based on estimated model parameters...
Calculating distance matrix: done in 0.00510192 secs using 307.5% CPU
Computing ML distances took 0.005501 sec (of wall-clock time) 0.016587 sec (of CPU time)
Setting up auxiliary I and S matrices: done in 0.000241041 secs using 297.5% CPU
Computing RapidNJ tree took 0.001764 sec (of wall-clock time) 0.005852 sec (of CPU time)
Log-likelihood of RapidNJ tree: -48850.552
--------------------------------------------------------------------
|             INITIALIZING CANDIDATE TREE SET                      |
--------------------------------------------------------------------
Generating 98 parsimony trees... 1.388 second
Computing log-likelihood of 98 initial trees ... 1.326 seconds
Current best score: -48722.207

Do NNI search on 20 best initial trees
Estimate model parameters (epsilon = 0.100)
BETTER TREE FOUND at iteration 1: -48722.146
Iteration 10 / LogL: -48722.300 / Time: 0h:3m:38s
Iteration 20 / LogL: -48722.203 / Time: 0h:3m:40s
Finish initializing candidate tree set (2)
Current best tree score: -48722.146 / CPU time: 7.619
Number of iterations: 20
--------------------------------------------------------------------
|               OPTIMIZING CANDIDATE TREE SET                      |
--------------------------------------------------------------------
Iteration 30 / LogL: -48722.280 / Time: 0h:3m:43s (0h:0m:42s left)
Iteration 40 / LogL: -48722.561 / Time: 0h:3m:45s (0h:0m:30s left)
Iteration 50 / LogL: -48722.336 / Time: 0h:3m:48s (0h:0m:23s left)
Log-likelihood cutoff on original alignment: -48756.102
UFBoot trees printed to SAMD9-SAMD9L.PRANK.aln.ufboot
Iteration 60 / LogL: -48722.680 / Time: 0h:3m:51s (0h:0m:17s left)
Iteration 70 / LogL: -48722.670 / Time: 0h:3m:53s (0h:0m:12s left)
Iteration 80 / LogL: -48722.684 / Time: 0h:3m:55s (0h:0m:7s left)
Iteration 90 / LogL: -48724.445 / Time: 0h:3m:57s (0h:0m:3s left)
Iteration 100 / LogL: -48722.659 / Time: 0h:4m:0s (0h:0m:0s left)
Log-likelihood cutoff on original alignment: -48756.102
NOTE: Bootstrap correlation coefficient of split occurrence frequencies: 0.999
UFBoot trees printed to SAMD9-SAMD9L.PRANK.aln.ufboot
TREE SEARCH COMPLETED AFTER 102 ITERATIONS / Time: 0h:4m:0s

--------------------------------------------------------------------
|                    FINALIZING TREE SEARCH                        |
--------------------------------------------------------------------
Performs final model parameters optimization
Estimate model parameters (epsilon = 0.010)
1. Initial log-likelihood: -48722.146
2. Current log-likelihood: -48722.104
3. Current log-likelihood: -48722.072
4. Current log-likelihood: -48722.046
5. Current log-likelihood: -48722.026
6. Current log-likelihood: -48722.010
7. Current log-likelihood: -48721.998
Optimal log-likelihood: -48721.987
Rate parameters:  A-C: 1.35035  A-G: 4.30253  A-T: 0.70330  C-G: 1.28839  C-T: 4.87558  G-T: 1.00000
Base frequencies:  A: 0.352  C: 0.178  G: 0.202  T: 0.268
Proportion of invariable sites: 0.172
Gamma shape alpha: 1.995
Parameters optimization took 7 rounds (0.252 sec)
BEST SCORE FOUND : -48721.987

Testing tree branches by SH-like aLRT with 1000 replicates...
1.245 sec.
Creating bootstrap support values...
Split supports printed to NEXUS file SAMD9-SAMD9L.PRANK.aln.splits.nex
Total tree length: 2.179

Total number of iterations: 102
CPU time used for tree search: 79.833 sec (0h:1m:19s)
Wall-clock time used for tree search: 27.463 sec (0h:0m:27s)
Total CPU time used: 579.682 sec (0h:9m:39s)
Total wall-clock time used: 242.330 sec (0h:4m:2s)
UFBoot trees printed to SAMD9-SAMD9L.PRANK.aln.ufboot

Computing bootstrap consensus tree...
Reading input file SAMD9-SAMD9L.PRANK.aln.splits.nex...
42 taxa and 113 splits.
Consensus tree written to SAMD9-SAMD9L.PRANK.aln.contree
Reading input trees file SAMD9-SAMD9L.PRANK.aln.contree
Log-likelihood of consensus tree: -48721.987

Analysis results written to: 
  IQ-TREE report:                SAMD9-SAMD9L.PRANK.aln.iqtree
  Maximum-likelihood tree:       SAMD9-SAMD9L.PRANK.aln.treefile
  Likelihood distances:          SAMD9-SAMD9L.PRANK.aln.mldist

Ultrafast bootstrap approximation results written to:
  Split support values:          SAMD9-SAMD9L.PRANK.aln.splits.nex
  Consensus tree:                SAMD9-SAMD9L.PRANK.aln.contree
  UFBoot trees:                  SAMD9-SAMD9L.PRANK.aln.ufboot
  Screen log file:               SAMD9-SAMD9L.PRANK.aln.log

Date and Time: Fri Dec 20 14:28:33 2024
