diamond v2.1.9.163 (C) Max Planck Society for the Advancement of Science, Benjamin Buchfink, University of Tuebingen
Documentation, support and updates available at http://www.diamondsearch.org
Please cite: http://dx.doi.org/10.1038/s41592-021-01101-x Nature Methods (2021)

#CPU threads: 72
Scoring parameters: (Matrix=BLOSUM62 Lambda=0.267 K=0.041 Penalties=11/1)
Temporary directory: /tmp
#Target sequences to report alignments for: 25
Opening the database...  [0s]
Database: XM_003771945.4_patchwork/database.dmnd (type: Diamond database, sequences: 1, letters: 1577)
Block size = 2000000000
Opening the input file...  [0s]
Opening the output file...  [0s]
Loading query sequences...  [0.006s]
Algorithm: Double-indexed
Building query histograms...  [0.01s]
Seeking in database...  [0s]
Loading reference sequences...  [0s]
Initializing temporary storage...  [0s]
Building reference histograms...  [0.01s]
Allocating buffers...  [0.001s]
Processing query block 1, reference block 1/1, shape 1/2, index chunk 1/4.
Building reference seed array...  [0.021s]
Building query seed array...  [0.013s]
Computing hash join...  [0.004s]
Masking low complexity seeds...  [0.004s]
Searching alignments...  [0.09s]
Deallocating memory...  [0s]
Processing query block 1, reference block 1/1, shape 1/2, index chunk 2/4.
Building reference seed array...  [0.015s]
Building query seed array...  [0.011s]
Computing hash join...  [0.003s]
Masking low complexity seeds...  [0.004s]
Searching alignments...  [0.032s]
Deallocating memory...  [0s]
Processing query block 1, reference block 1/1, shape 1/2, index chunk 3/4.
Building reference seed array...  [0.008s]
Building query seed array...  [0.009s]
Computing hash join...  [0.002s]
Masking low complexity seeds...  [0.002s]
Searching alignments...  [0.005s]
Deallocating memory...  [0s]
Processing query block 1, reference block 1/1, shape 1/2, index chunk 4/4.
Building reference seed array...  [0.007s]
Building query seed array...  [0.009s]
Computing hash join...  [0.003s]
Masking low complexity seeds...  [0.003s]
Searching alignments...  [0.004s]
Deallocating memory...  [0s]
Processing query block 1, reference block 1/1, shape 2/2, index chunk 1/4.
Building reference seed array...  [0.01s]
Building query seed array...  [0.01s]
Computing hash join...  [0.003s]
Masking low complexity seeds...  [0.003s]
Searching alignments...  [0.004s]
Deallocating memory...  [0s]
Processing query block 1, reference block 1/1, shape 2/2, index chunk 2/4.
Building reference seed array...  [0.009s]
Building query seed array...  [0.01s]
Computing hash join...  [0.003s]
Masking low complexity seeds...  [0.003s]
Searching alignments...  [0.005s]
Deallocating memory...  [0s]
Processing query block 1, reference block 1/1, shape 2/2, index chunk 3/4.
Building reference seed array...  [0.009s]
Building query seed array...  [0.01s]
Computing hash join...  [0.003s]
Masking low complexity seeds...  [0.003s]
Searching alignments...  [0.004s]
Deallocating memory...  [0s]
Processing query block 1, reference block 1/1, shape 2/2, index chunk 4/4.
Building reference seed array...  [0.009s]
Building query seed array...  [0.01s]
Computing hash join...  [0.003s]
Masking low complexity seeds...  [0.003s]
Searching alignments...  [0.005s]
Deallocating memory...  [0s]
Deallocating buffers...  [0s]
Clearing query masking...  [0s]
Computing alignments... Loading trace points...  [0.011s]
Sorting trace points...  [0s]
Computing alignments...  [0.046s]
Deallocating buffers...  [0.001s]
Loading trace points...  [0s]
 [0.061s]
Deallocating reference...  [0s]
Loading reference sequences...  [0s]
Deallocating buffers...  [0s]
Deallocating queries...  [0s]
Loading query sequences...  [0s]
Closing the input file...  [0s]
Closing the output file...  [0.001s]
Closing the database...  [0s]
Cleaning up...  [0s]
Total time = 0.492s
Reported 1172 pairwise alignments, 1172 HSPs.
1172 queries aligned.
